{"E:\\Meet\\Test Task\\react-calendar\\src\\App.js": {"path":"E:\\Meet\\Test Task\\react-calendar\\src\\App.js","statementMap":{"0":{"start":{"line":6,"column":21},"end":{"line":9,"column":1}},"1":{"start":{"line":11,"column":12},"end":{"line":20,"column":1}},"2":{"start":{"line":12,"column":2},"end":{"line":19,"column":4}}},"fnMap":{"0":{"name":"(anonymous_0)","decl":{"start":{"line":11,"column":12},"end":{"line":11,"column":13}},"loc":{"start":{"line":11,"column":18},"end":{"line":20,"column":1}},"line":11}},"branchMap":{},"s":{"0":1,"1":1,"2":1},"f":{"0":1},"b":{},"_coverageSchema":"1a1c01bbd47fc00a2c39e90264f33305004495a9","hash":"3a8d5a20c8829f7f2399abd6df777c4c9da09f0c"}
,"E:\\Meet\\Test Task\\react-calendar\\src\\Pages\\EventPage.jsx": {"path":"E:\\Meet\\Test Task\\react-calendar\\src\\Pages\\EventPage.jsx","statementMap":{"0":{"start":{"line":6,"column":18},"end":{"line":20,"column":1}},"1":{"start":{"line":7,"column":17},"end":{"line":7,"column":28}},"2":{"start":{"line":8,"column":21},"end":{"line":8,"column":45}},"3":{"start":{"line":9,"column":16},"end":{"line":9,"column":63}},"4":{"start":{"line":9,"column":37},"end":{"line":9,"column":62}},"5":{"start":{"line":11,"column":2},"end":{"line":13,"column":3}},"6":{"start":{"line":12,"column":4},"end":{"line":12,"column":34}},"7":{"start":{"line":15,"column":2},"end":{"line":19,"column":4}}},"fnMap":{"0":{"name":"(anonymous_0)","decl":{"start":{"line":6,"column":18},"end":{"line":6,"column":19}},"loc":{"start":{"line":6,"column":24},"end":{"line":20,"column":1}},"line":6},"1":{"name":"(anonymous_1)","decl":{"start":{"line":9,"column":28},"end":{"line":9,"column":29}},"loc":{"start":{"line":9,"column":37},"end":{"line":9,"column":62}},"line":9}},"branchMap":{"0":{"loc":{"start":{"line":11,"column":2},"end":{"line":13,"column":3}},"type":"if","locations":[{"start":{"line":11,"column":2},"end":{"line":13,"column":3}},{"start":{},"end":{}}],"line":11}},"s":{"0":0,"1":0,"2":0,"3":0,"4":0,"5":0,"6":0,"7":0},"f":{"0":0,"1":0},"b":{"0":[0,0]}}
,"E:\\Meet\\Test Task\\react-calendar\\src\\Pages\\HomePage.jsx": {"path":"E:\\Meet\\Test Task\\react-calendar\\src\\Pages\\HomePage.jsx","statementMap":{"0":{"start":{"line":4,"column":17},"end":{"line":11,"column":1}},"1":{"start":{"line":5,"column":2},"end":{"line":10,"column":4}}},"fnMap":{"0":{"name":"(anonymous_0)","decl":{"start":{"line":4,"column":17},"end":{"line":4,"column":18}},"loc":{"start":{"line":4,"column":23},"end":{"line":11,"column":1}},"line":4}},"branchMap":{},"s":{"0":0,"1":0},"f":{"0":0},"b":{}}
,"E:\\Meet\\Test Task\\react-calendar\\src\\components\\CalendarView.jsx": {"path":"E:\\Meet\\Test Task\\react-calendar\\src\\components\\CalendarView.jsx","statementMap":{"0":{"start":{"line":9,"column":18},"end":{"line":9,"column":41}},"1":{"start":{"line":11,"column":21},"end":{"line":77,"column":1}},"2":{"start":{"line":12,"column":21},"end":{"line":12,"column":45}},"3":{"start":{"line":13,"column":50},"end":{"line":13,"column":62}},"4":{"start":{"line":14,"column":34},"end":{"line":14,"column":49}},"5":{"start":{"line":15,"column":42},"end":{"line":15,"column":56}},"6":{"start":{"line":17,"column":25},"end":{"line":19,"column":12}},"7":{"start":{"line":18,"column":31},"end":{"line":18,"column":66}},"8":{"start":{"line":21,"column":28},"end":{"line":24,"column":3}},"9":{"start":{"line":22,"column":4},"end":{"line":22,"column":27}},"10":{"start":{"line":23,"column":4},"end":{"line":23,"column":22}},"11":{"start":{"line":26,"column":27},"end":{"line":29,"column":3}},"12":{"start":{"line":27,"column":4},"end":{"line":27,"column":27}},"13":{"start":{"line":28,"column":4},"end":{"line":28,"column":26}},"14":{"start":{"line":31,"column":2},"end":{"line":76,"column":4}},"15":{"start":{"line":37,"column":29},"end":{"line":37,"column":64}},"16":{"start":{"line":66,"column":12},"end":{"line":69,"column":15}},"17":{"start":{"line":70,"column":12},"end":{"line":70,"column":30}},"18":{"start":{"line":81,"column":26},"end":{"line":89,"column":1}},"19":{"start":{"line":91,"column":24},"end":{"line":95,"column":1}},"20":{"start":{"line":97,"column":24},"end":{"line":99,"column":1}},"21":{"start":{"line":101,"column":15},"end":{"line":106,"column":1}},"22":{"start":{"line":108,"column":15},"end":{"line":121,"column":1}}},"fnMap":{"0":{"name":"(anonymous_0)","decl":{"start":{"line":11,"column":21},"end":{"line":11,"column":22}},"loc":{"start":{"line":11,"column":27},"end":{"line":77,"column":1}},"line":11},"1":{"name":"(anonymous_1)","decl":{"start":{"line":18,"column":20},"end":{"line":18,"column":21}},"loc":{"start":{"line":18,"column":31},"end":{"line":18,"column":66}},"line":18},"2":{"name":"(anonymous_2)","decl":{"start":{"line":21,"column":28},"end":{"line":21,"column":29}},"loc":{"start":{"line":21,"column":39},"end":{"line":24,"column":3}},"line":21},"3":{"name":"(anonymous_3)","decl":{"start":{"line":26,"column":27},"end":{"line":26,"column":28}},"loc":{"start":{"line":26,"column":33},"end":{"line":29,"column":3}},"line":26},"4":{"name":"(anonymous_4)","decl":{"start":{"line":37,"column":22},"end":{"line":37,"column":23}},"loc":{"start":{"line":37,"column":29},"end":{"line":37,"column":64}},"line":37},"5":{"name":"(anonymous_5)","decl":{"start":{"line":65,"column":24},"end":{"line":65,"column":25}},"loc":{"start":{"line":65,"column":38},"end":{"line":71,"column":11}},"line":65}},"branchMap":{"0":{"loc":{"start":{"line":17,"column":25},"end":{"line":19,"column":12}},"type":"cond-expr","locations":[{"start":{"line":18,"column":6},"end":{"line":18,"column":67}},{"start":{"line":19,"column":6},"end":{"line":19,"column":12}}],"line":17},"1":{"loc":{"start":{"line":46,"column":11},"end":{"line":46,"column":51}},"type":"cond-expr","locations":[{"start":{"line":46,"column":22},"end":{"line":46,"column":33}},{"start":{"line":46,"column":36},"end":{"line":46,"column":51}}],"line":46},"2":{"loc":{"start":{"line":49,"column":7},"end":{"line":55,"column":7}},"type":"binary-expr","locations":[{"start":{"line":49,"column":7},"end":{"line":49,"column":15}},{"start":{"line":50,"column":8},"end":{"line":54,"column":10}}],"line":49}},"s":{"0":2,"1":2,"2":10,"3":1,"4":1,"5":1,"6":1,"7":0,"8":1,"9":0,"10":0,"11":1,"12":0,"13":0,"14":1,"15":0,"16":0,"17":0,"18":2,"19":2,"20":2,"21":2,"22":2},"f":{"0":10,"1":0,"2":0,"3":0,"4":0,"5":0},"b":{"0":[0,1],"1":[0,1],"2":[1,0]},"_coverageSchema":"1a1c01bbd47fc00a2c39e90264f33305004495a9","hash":"b46a57157ebbbfb9bc0f4e76b2cf63c7b01e4982"}
,"E:\\Meet\\Test Task\\react-calendar\\src\\components\\EventDetails.jsx": {"path":"E:\\Meet\\Test Task\\react-calendar\\src\\components\\EventDetails.jsx","statementMap":{"0":{"start":{"line":4,"column":21},"end":{"line":16,"column":1}},"1":{"start":{"line":5,"column":26},"end":{"line":5,"column":50}},"2":{"start":{"line":7,"column":2},"end":{"line":15,"column":4}},"3":{"start":{"line":13,"column":29},"end":{"line":13,"column":50}}},"fnMap":{"0":{"name":"(anonymous_0)","decl":{"start":{"line":4,"column":21},"end":{"line":4,"column":22}},"loc":{"start":{"line":4,"column":36},"end":{"line":16,"column":1}},"line":4},"1":{"name":"(anonymous_1)","decl":{"start":{"line":13,"column":23},"end":{"line":13,"column":24}},"loc":{"start":{"line":13,"column":29},"end":{"line":13,"column":50}},"line":13}},"branchMap":{},"s":{"0":0,"1":0,"2":0,"3":0},"f":{"0":0,"1":0},"b":{}}
,"E:\\Meet\\Test Task\\react-calendar\\src\\components\\EventForm.jsx": {"path":"E:\\Meet\\Test Task\\react-calendar\\src\\components\\EventForm.jsx","statementMap":{"0":{"start":{"line":5,"column":18},"end":{"line":109,"column":1}},"1":{"start":{"line":6,"column":47},"end":{"line":6,"column":71}},"2":{"start":{"line":7,"column":36},"end":{"line":12,"column":4}},"3":{"start":{"line":14,"column":2},"end":{"line":25,"column":21}},"4":{"start":{"line":15,"column":4},"end":{"line":24,"column":5}},"5":{"start":{"line":16,"column":6},"end":{"line":21,"column":9}},"6":{"start":{"line":23,"column":6},"end":{"line":23,"column":68}},"7":{"start":{"line":27,"column":23},"end":{"line":42,"column":3}},"8":{"start":{"line":28,"column":4},"end":{"line":28,"column":23}},"9":{"start":{"line":29,"column":4},"end":{"line":38,"column":5}},"10":{"start":{"line":30,"column":6},"end":{"line":30,"column":55}},"11":{"start":{"line":32,"column":6},"end":{"line":37,"column":9}},"12":{"start":{"line":39,"column":4},"end":{"line":39,"column":66}},"13":{"start":{"line":40,"column":4},"end":{"line":40,"column":26}},"14":{"start":{"line":41,"column":4},"end":{"line":41,"column":17}},"15":{"start":{"line":44,"column":23},"end":{"line":48,"column":3}},"16":{"start":{"line":45,"column":4},"end":{"line":45,"column":33}},"17":{"start":{"line":46,"column":4},"end":{"line":46,"column":26}},"18":{"start":{"line":47,"column":4},"end":{"line":47,"column":17}},"19":{"start":{"line":50,"column":2},"end":{"line":108,"column":4}},"20":{"start":{"line":62,"column":14},"end":{"line":62,"column":67}},"21":{"start":{"line":71,"column":14},"end":{"line":71,"column":67}},"22":{"start":{"line":79,"column":14},"end":{"line":79,"column":65}},"23":{"start":{"line":86,"column":14},"end":{"line":86,"column":70}},"24":{"start":{"line":113,"column":21},"end":{"line":124,"column":1}},"25":{"start":{"line":126,"column":21},"end":{"line":134,"column":1}},"26":{"start":{"line":136,"column":20},"end":{"line":144,"column":1}},"27":{"start":{"line":146,"column":13},"end":{"line":150,"column":1}},"28":{"start":{"line":152,"column":14},"end":{"line":159,"column":1}},"29":{"start":{"line":161,"column":15},"end":{"line":168,"column":1}},"30":{"start":{"line":170,"column":15},"end":{"line":182,"column":1}},"31":{"start":{"line":172,"column":34},"end":{"line":172,"column":70}},"32":{"start":{"line":180,"column":36},"end":{"line":180,"column":72}},"33":{"start":{"line":184,"column":24},"end":{"line":188,"column":1}},"34":{"start":{"line":186,"column":33},"end":{"line":186,"column":76}},"35":{"start":{"line":190,"column":24},"end":{"line":195,"column":1}}},"fnMap":{"0":{"name":"(anonymous_0)","decl":{"start":{"line":5,"column":18},"end":{"line":5,"column":19}},"loc":{"start":{"line":5,"column":69},"end":{"line":109,"column":1}},"line":5},"1":{"name":"(anonymous_1)","decl":{"start":{"line":14,"column":12},"end":{"line":14,"column":13}},"loc":{"start":{"line":14,"column":18},"end":{"line":25,"column":3}},"line":14},"2":{"name":"(anonymous_2)","decl":{"start":{"line":27,"column":23},"end":{"line":27,"column":24}},"loc":{"start":{"line":27,"column":30},"end":{"line":42,"column":3}},"line":27},"3":{"name":"(anonymous_3)","decl":{"start":{"line":44,"column":23},"end":{"line":44,"column":24}},"loc":{"start":{"line":44,"column":29},"end":{"line":48,"column":3}},"line":44},"4":{"name":"(anonymous_4)","decl":{"start":{"line":61,"column":22},"end":{"line":61,"column":23}},"loc":{"start":{"line":62,"column":14},"end":{"line":62,"column":67}},"line":62},"5":{"name":"(anonymous_5)","decl":{"start":{"line":70,"column":22},"end":{"line":70,"column":23}},"loc":{"start":{"line":71,"column":14},"end":{"line":71,"column":67}},"line":71},"6":{"name":"(anonymous_6)","decl":{"start":{"line":78,"column":22},"end":{"line":78,"column":23}},"loc":{"start":{"line":79,"column":14},"end":{"line":79,"column":65}},"line":79},"7":{"name":"(anonymous_7)","decl":{"start":{"line":85,"column":22},"end":{"line":85,"column":23}},"loc":{"start":{"line":86,"column":14},"end":{"line":86,"column":70}},"line":86},"8":{"name":"(anonymous_8)","decl":{"start":{"line":172,"column":22},"end":{"line":172,"column":23}},"loc":{"start":{"line":172,"column":34},"end":{"line":172,"column":70}},"line":172},"9":{"name":"(anonymous_9)","decl":{"start":{"line":180,"column":24},"end":{"line":180,"column":25}},"loc":{"start":{"line":180,"column":36},"end":{"line":180,"column":72}},"line":180},"10":{"name":"(anonymous_10)","decl":{"start":{"line":186,"column":21},"end":{"line":186,"column":22}},"loc":{"start":{"line":186,"column":33},"end":{"line":186,"column":76}},"line":186}},"branchMap":{"0":{"loc":{"start":{"line":15,"column":4},"end":{"line":24,"column":5}},"type":"if","locations":[{"start":{"line":15,"column":4},"end":{"line":24,"column":5}},{"start":{"line":22,"column":11},"end":{"line":24,"column":5}}],"line":15},"1":{"loc":{"start":{"line":29,"column":4},"end":{"line":38,"column":5}},"type":"if","locations":[{"start":{"line":29,"column":4},"end":{"line":38,"column":5}},{"start":{"line":31,"column":11},"end":{"line":38,"column":5}}],"line":29},"2":{"loc":{"start":{"line":54,"column":15},"end":{"line":54,"column":56}},"type":"cond-expr","locations":[{"start":{"line":54,"column":30},"end":{"line":54,"column":42}},{"start":{"line":54,"column":45},"end":{"line":54,"column":56}}],"line":54},"3":{"loc":{"start":{"line":97,"column":15},"end":{"line":97,"column":46}},"type":"cond-expr","locations":[{"start":{"line":97,"column":30},"end":{"line":97,"column":38}},{"start":{"line":97,"column":41},"end":{"line":97,"column":46}}],"line":97},"4":{"loc":{"start":{"line":99,"column":13},"end":{"line":103,"column":13}},"type":"binary-expr","locations":[{"start":{"line":99,"column":13},"end":{"line":99,"column":25}},{"start":{"line":100,"column":14},"end":{"line":102,"column":23}}],"line":99},"5":{"loc":{"start":{"line":172,"column":34},"end":{"line":172,"column":70}},"type":"cond-expr","locations":[{"start":{"line":172,"column":49},"end":{"line":172,"column":58}},{"start":{"line":172,"column":61},"end":{"line":172,"column":70}}],"line":172},"6":{"loc":{"start":{"line":180,"column":36},"end":{"line":180,"column":72}},"type":"cond-expr","locations":[{"start":{"line":180,"column":51},"end":{"line":180,"column":60}},{"start":{"line":180,"column":63},"end":{"line":180,"column":72}}],"line":180},"7":{"loc":{"start":{"line":186,"column":33},"end":{"line":186,"column":76}},"type":"cond-expr","locations":[{"start":{"line":186,"column":50},"end":{"line":186,"column":58}},{"start":{"line":186,"column":61},"end":{"line":186,"column":76}}],"line":186}},"s":{"0":2,"1":0,"2":0,"3":0,"4":0,"5":0,"6":0,"7":0,"8":0,"9":0,"10":0,"11":0,"12":0,"13":0,"14":0,"15":0,"16":0,"17":0,"18":0,"19":0,"20":0,"21":0,"22":0,"23":0,"24":2,"25":2,"26":2,"27":2,"28":2,"29":2,"30":2,"31":0,"32":0,"33":2,"34":0,"35":2},"f":{"0":0,"1":0,"2":0,"3":0,"4":0,"5":0,"6":0,"7":0,"8":0,"9":0,"10":0},"b":{"0":[0,0],"1":[0,0],"2":[0,0],"3":[0,0],"4":[0,0],"5":[0,0],"6":[0,0],"7":[0,0]},"_coverageSchema":"1a1c01bbd47fc00a2c39e90264f33305004495a9","hash":"5ed9718358c49875853e337a4596bc5aeb46047e"}
,"E:\\Meet\\Test Task\\react-calendar\\src\\contexts\\EventContext.jsx": {"path":"E:\\Meet\\Test Task\\react-calendar\\src\\contexts\\EventContext.jsx","statementMap":{"0":{"start":{"line":3,"column":28},"end":{"line":3,"column":43}},"1":{"start":{"line":5,"column":29},"end":{"line":29,"column":1}},"2":{"start":{"line":6,"column":30},"end":{"line":6,"column":42}},"3":{"start":{"line":8,"column":19},"end":{"line":10,"column":3}},"4":{"start":{"line":9,"column":4},"end":{"line":9,"column":54}},"5":{"start":{"line":9,"column":30},"end":{"line":9,"column":52}},"6":{"start":{"line":12,"column":20},"end":{"line":18,"column":3}},"7":{"start":{"line":13,"column":4},"end":{"line":17,"column":6}},"8":{"start":{"line":14,"column":6},"end":{"line":16,"column":7}},"9":{"start":{"line":15,"column":8},"end":{"line":15,"column":59}},"10":{"start":{"line":20,"column":22},"end":{"line":22,"column":3}},"11":{"start":{"line":21,"column":4},"end":{"line":21,"column":75}},"12":{"start":{"line":21,"column":30},"end":{"line":21,"column":73}},"13":{"start":{"line":21,"column":57},"end":{"line":21,"column":72}},"14":{"start":{"line":24,"column":2},"end":{"line":28,"column":4}}},"fnMap":{"0":{"name":"(anonymous_0)","decl":{"start":{"line":5,"column":29},"end":{"line":5,"column":30}},"loc":{"start":{"line":5,"column":47},"end":{"line":29,"column":1}},"line":5},"1":{"name":"(anonymous_1)","decl":{"start":{"line":8,"column":19},"end":{"line":8,"column":20}},"loc":{"start":{"line":8,"column":30},"end":{"line":10,"column":3}},"line":8},"2":{"name":"(anonymous_2)","decl":{"start":{"line":9,"column":14},"end":{"line":9,"column":15}},"loc":{"start":{"line":9,"column":30},"end":{"line":9,"column":52}},"line":9},"3":{"name":"(anonymous_3)","decl":{"start":{"line":12,"column":20},"end":{"line":12,"column":21}},"loc":{"start":{"line":12,"column":38},"end":{"line":18,"column":3}},"line":12},"4":{"name":"(anonymous_4)","decl":{"start":{"line":13,"column":14},"end":{"line":13,"column":15}},"loc":{"start":{"line":14,"column":6},"end":{"line":16,"column":7}},"line":14},"5":{"name":"(anonymous_5)","decl":{"start":{"line":14,"column":21},"end":{"line":14,"column":22}},"loc":{"start":{"line":15,"column":8},"end":{"line":15,"column":59}},"line":15},"6":{"name":"(anonymous_6)","decl":{"start":{"line":20,"column":22},"end":{"line":20,"column":23}},"loc":{"start":{"line":20,"column":30},"end":{"line":22,"column":3}},"line":20},"7":{"name":"(anonymous_7)","decl":{"start":{"line":21,"column":14},"end":{"line":21,"column":15}},"loc":{"start":{"line":21,"column":30},"end":{"line":21,"column":73}},"line":21},"8":{"name":"(anonymous_8)","decl":{"start":{"line":21,"column":48},"end":{"line":21,"column":49}},"loc":{"start":{"line":21,"column":57},"end":{"line":21,"column":72}},"line":21}},"branchMap":{"0":{"loc":{"start":{"line":15,"column":8},"end":{"line":15,"column":59}},"type":"cond-expr","locations":[{"start":{"line":15,"column":39},"end":{"line":15,"column":51}},{"start":{"line":15,"column":54},"end":{"line":15,"column":59}}],"line":15}},"s":{"0":2,"1":2,"2":1,"3":1,"4":0,"5":0,"6":1,"7":0,"8":0,"9":0,"10":1,"11":0,"12":0,"13":0,"14":1},"f":{"0":1,"1":0,"2":0,"3":0,"4":0,"5":0,"6":0,"7":0,"8":0},"b":{"0":[0,0]},"_coverageSchema":"1a1c01bbd47fc00a2c39e90264f33305004495a9","hash":"549e799cf37260e4d68259984ac2acbb655dac49"}
}
