TN:
SF:src\App.js
FN:11,(anonymous_0)
FNF:1
FNH:1
FNDA:1,(anonymous_0)
DA:6,1
DA:11,1
DA:12,1
LF:3
LH:3
BRF:0
BRH:0
end_of_record
TN:
SF:src\Pages\EventPage.jsx
FN:6,(anonymous_0)
FN:9,(anonymous_1)
FNF:2
FNH:0
FNDA:0,(anonymous_0)
FNDA:0,(anonymous_1)
DA:6,0
DA:7,0
DA:8,0
DA:9,0
DA:11,0
DA:12,0
DA:15,0
LF:7
LH:0
BRDA:11,0,0,0
BRDA:11,0,1,0
BRF:2
BRH:0
end_of_record
TN:
SF:src\Pages\HomePage.jsx
FN:4,(anonymous_0)
FNF:1
FNH:0
FNDA:0,(anonymous_0)
DA:4,0
DA:5,0
LF:2
LH:0
BRF:0
BRH:0
end_of_record
TN:
SF:src\components\CalendarView.jsx
FN:11,(anonymous_0)
FN:18,(anonymous_1)
FN:21,(anonymous_2)
FN:26,(anonymous_3)
FN:37,(anonymous_4)
FN:65,(anonymous_5)
FNF:6
FNH:1
FNDA:10,(anonymous_0)
FNDA:0,(anonymous_1)
FNDA:0,(anonymous_2)
FNDA:0,(anonymous_3)
FNDA:0,(anonymous_4)
FNDA:0,(anonymous_5)
DA:9,2
DA:11,2
DA:12,10
DA:13,1
DA:14,1
DA:15,1
DA:17,1
DA:18,0
DA:21,1
DA:22,0
DA:23,0
DA:26,1
DA:27,0
DA:28,0
DA:31,1
DA:37,0
DA:66,0
DA:70,0
DA:81,2
DA:91,2
DA:97,2
DA:101,2
DA:108,2
LF:23
LH:15
BRDA:17,0,0,0
BRDA:17,0,1,1
BRDA:46,1,0,0
BRDA:46,1,1,1
BRDA:49,2,0,1
BRDA:49,2,1,0
BRF:6
BRH:3
end_of_record
TN:
SF:src\components\EventDetails.jsx
FN:4,(anonymous_0)
FN:13,(anonymous_1)
FNF:2
FNH:0
FNDA:0,(anonymous_0)
FNDA:0,(anonymous_1)
DA:4,0
DA:5,0
DA:7,0
DA:13,0
LF:4
LH:0
BRF:0
BRH:0
end_of_record
TN:
SF:src\components\EventForm.jsx
FN:5,(anonymous_0)
FN:14,(anonymous_1)
FN:27,(anonymous_2)
FN:44,(anonymous_3)
FN:61,(anonymous_4)
FN:70,(anonymous_5)
FN:78,(anonymous_6)
FN:85,(anonymous_7)
FN:172,(anonymous_8)
FN:180,(anonymous_9)
FN:186,(anonymous_10)
FNF:11
FNH:0
FNDA:0,(anonymous_0)
FNDA:0,(anonymous_1)
FNDA:0,(anonymous_2)
FNDA:0,(anonymous_3)
FNDA:0,(anonymous_4)
FNDA:0,(anonymous_5)
FNDA:0,(anonymous_6)
FNDA:0,(anonymous_7)
FNDA:0,(anonymous_8)
FNDA:0,(anonymous_9)
FNDA:0,(anonymous_10)
DA:5,2
DA:6,0
DA:7,0
DA:14,0
DA:15,0
DA:16,0
DA:23,0
DA:27,0
DA:28,0
DA:29,0
DA:30,0
DA:32,0
DA:39,0
DA:40,0
DA:41,0
DA:44,0
DA:45,0
DA:46,0
DA:47,0
DA:50,0
DA:62,0
DA:71,0
DA:79,0
DA:86,0
DA:113,2
DA:126,2
DA:136,2
DA:146,2
DA:152,2
DA:161,2
DA:170,2
DA:172,0
DA:180,0
DA:184,2
DA:186,0
DA:190,2
LF:36
LH:10
BRDA:15,0,0,0
BRDA:15,0,1,0
BRDA:29,1,0,0
BRDA:29,1,1,0
BRDA:54,2,0,0
BRDA:54,2,1,0
BRDA:97,3,0,0
BRDA:97,3,1,0
BRDA:99,4,0,0
BRDA:99,4,1,0
BRDA:172,5,0,0
BRDA:172,5,1,0
BRDA:180,6,0,0
BRDA:180,6,1,0
BRDA:186,7,0,0
BRDA:186,7,1,0
BRF:16
BRH:0
end_of_record
TN:
SF:src\contexts\EventContext.jsx
FN:5,(anonymous_0)
FN:8,(anonymous_1)
FN:9,(anonymous_2)
FN:12,(anonymous_3)
FN:13,(anonymous_4)
FN:14,(anonymous_5)
FN:20,(anonymous_6)
FN:21,(anonymous_7)
FN:21,(anonymous_8)
FNF:9
FNH:1
FNDA:1,(anonymous_0)
FNDA:0,(anonymous_1)
FNDA:0,(anonymous_2)
FNDA:0,(anonymous_3)
FNDA:0,(anonymous_4)
FNDA:0,(anonymous_5)
FNDA:0,(anonymous_6)
FNDA:0,(anonymous_7)
FNDA:0,(anonymous_8)
DA:3,2
DA:5,2
DA:6,1
DA:8,1
DA:9,0
DA:12,1
DA:13,0
DA:14,0
DA:15,0
DA:20,1
DA:21,0
DA:24,1
LF:12
LH:7
BRDA:15,0,0,0
BRDA:15,0,1,0
BRF:2
BRH:0
end_of_record
